{
  "stats": {
    "suites": 1,
    "tests": 1,
    "passes": 1,
    "pending": 0,
    "failures": 0,
    "start": "2023-01-30T11:10:59.823Z",
    "end": "2023-01-30T11:10:59.874Z",
    "duration": 51,
    "testsRegistered": 1,
    "passPercent": 100,
    "pendingPercent": 0,
    "other": 0,
    "hasOther": false,
    "skipped": 0,
    "hasSkipped": false
  },
  "results": [
    {
      "uuid": "4d3453d7-2b84-4a7f-b4a9-1fd7ecc0600f",
      "title": "",
      "fullFile": "",
      "file": "",
      "beforeHooks": [],
      "afterHooks": [],
      "tests": [],
      "suites": [
        {
          "uuid": "db83e1c1-65e8-46df-aa02-7571a52f400f",
          "title": "GET /api/v1/products",
          "fullFile": "C:\\newton\\getProduct-Part1\\getProduct-Part1\\__tests__\\test.js",
          "file": "\\__tests__\\test.js",
          "beforeHooks": [],
          "afterHooks": [],
          "tests": [
            {
              "title": "Able to handle invalid data",
              "fullTitle": "GET /api/v1/products Able to handle invalid data",
              "timedOut": false,
              "duration": 33,
              "state": "passed",
              "speed": "fast",
              "pass": true,
              "fail": false,
              "pending": false,
              "context": null,
              "code": "chai\n  .request(app)\n  .get('/api/v1/products')\n  .end((err, res) => {\n    if (err) throw err;\n    res.body.message.should.equal('Product fetched successfully');\n    done();\n  });",
              "err": {},
              "uuid": "a3a8fbfc-7938-41ad-8d4a-ba504170844f",
              "parentUUID": "db83e1c1-65e8-46df-aa02-7571a52f400f",
              "isHook": false,
              "skipped": false
            }
          ],
          "suites": [],
          "passes": [
            "a3a8fbfc-7938-41ad-8d4a-ba504170844f"
          ],
          "failures": [],
          "pending": [],
          "skipped": [],
          "duration": 33,
          "root": false,
          "rootEmpty": false,
          "_timeout": 60000
        }
      ],
      "passes": [],
      "failures": [],
      "pending": [],
      "skipped": [],
      "duration": 0,
      "root": true,
      "rootEmpty": true,
      "_timeout": 60000
    }
  ],
  "meta": {
    "mocha": {
      "version": "8.2.1"
    },
    "mochawesome": {
      "options": {
        "quiet": false,
        "reportFilename": "mochawesome",
        "saveHtml": true,
        "saveJson": true,
        "consoleReporter": "spec",
        "useInlineDiffs": false,
        "code": true
      },
      "version": "6.2.1"
    },
    "marge": {
      "options": null,
      "version": "5.1.0"
    }
  }
}